<?xml version="1.0" encoding="UTF-8"?>
<!-- Generated by org.testng.reporters.JUnitReportReporter -->
<testsuite skipped="0" hostname="INBOOK_X1_SLIM" name="TestNG.GroupingExamples" tests="12" failures="0" timestamp="25 May 2023 18:17:31 GMT" time="0.031" errors="0">
  <testcase name="creta" time="0.000" classname="TestNG.GroupingExamples"/>
  <testcase name="alto" time="0.000" classname="TestNG.GroupingExamples"/>
  <testcase name="camry" time="0.015" classname="TestNG.GroupingExamples"/>
  <testcase name="boleno" time="0.000" classname="TestNG.GroupingExamples"/>
  <testcase name="ciaz" time="0.000" classname="TestNG.GroupingExamples"/>
  <testcase name="verna" time="0.000" classname="TestNG.GroupingExamples"/>
  <testcase name="crysta" time="0.000" classname="TestNG.GroupingExamples"/>
  <testcase name="altis" time="0.016" classname="TestNG.GroupingExamples"/>
  <testcase name="landCruiser" time="0.000" classname="TestNG.GroupingExamples"/>
  <testcase name="brezza" time="0.000" classname="TestNG.GroupingExamples"/>
  <testcase name="santafee" time="0.000" classname="TestNG.GroupingExamples"/>
  <testcase name="tusson" time="0.000" classname="TestNG.GroupingExamples"/>
</testsuite> <!-- TestNG.GroupingExamples -->
