<?xml version="1.0" encoding="UTF-8"?>
<!-- Generated by org.testng.reporters.JUnitReportReporter -->
<testsuite skipped="0" hostname="INBOOK_X1_SLIM" name="TestNG.optionalDemo" tests="2" failures="0" timestamp="27 May 2023 18:22:18 GMT" time="0.018" errors="0">
  <testcase name="arun" time="0.015" classname="TestNG.optionalDemo"/>
  <testcase name="arun" time="0.003" classname="TestNG.optionalDemo"/>
</testsuite> <!-- TestNG.optionalDemo -->
