<?xml version="1.0" encoding="UTF-8"?>
<!-- Generated by org.testng.reporters.JUnitReportReporter -->
<testsuite skipped="0" hostname="INBOOK_X1_SLIM" name="TestNG.Facebook" tests="1" failures="0" timestamp="21 Apr 2023 18:29:33 GMT" time="0.245" errors="0">
  <testcase name="logIn" time="0.245" classname="TestNG.Facebook"/>
</testsuite> <!-- TestNG.Facebook -->
