<?xml version="1.0" encoding="UTF-8"?>
<!-- Generated by org.testng.reporters.JUnitReportReporter -->
<testsuite skipped="0" hostname="INBOOK_X1_SLIM" name="org.task.GitTask" tests="1" failures="0" timestamp="18 Apr 2023 19:00:52 GMT" time="4.223" errors="0">
  <testcase name="tc1" time="4.223" classname="org.task.GitTask"/>
</testsuite> <!-- org.task.GitTask -->
