<?xml version="1.0" encoding="UTF-8"?>
<!-- Generated by org.testng.reporters.JUnitReportReporter -->
<testsuite skipped="0" hostname="INBOOK_X1_SLIM" name="TestNG.DataProvoider" tests="4" failures="0" timestamp="29 May 2023 18:20:49 GMT" time="13.044" errors="0">
  <testcase name="fbLogin" time="2.759" classname="TestNG.DataProvoider"/>
  <testcase name="fbLogin" time="4.372" classname="TestNG.DataProvoider"/>
  <testcase name="fbLogin" time="2.982" classname="TestNG.DataProvoider"/>
  <testcase name="fbLogin" time="2.931" classname="TestNG.DataProvoider"/>
</testsuite> <!-- TestNG.DataProvoider -->
