<?xml version="1.0" encoding="UTF-8"?>
<!-- Generated by org.testng.reporters.JUnitReportReporter -->
<testsuite skipped="0" hostname="INBOOK_X1_SLIM" name="org.pageobjectmodel.AdactinHotel" tests="4" failures="0" timestamp="06 Jun 2023 13:58:00 GMT" time="22.200" errors="0">
  <testcase name="tc3" time="0.831" classname="org.pageobjectmodel.AdactinHotel"/>
  <testcase name="tc4" time="6.907" classname="org.pageobjectmodel.AdactinHotel"/>
  <testcase name="tc2" time="1.717" classname="org.pageobjectmodel.AdactinHotel"/>
  <testcase name="tc1" time="12.745" classname="org.pageobjectmodel.AdactinHotel"/>
</testsuite> <!-- org.pageobjectmodel.AdactinHotel -->
