<?xml version="1.0" encoding="UTF-8"?>
<!-- Generated by org.testng.reporters.JUnitReportReporter -->
<testsuite skipped="0" hostname="INBOOK_X1_SLIM" name="TestNG.HardAssert" tests="1" failures="0" timestamp="27 May 2023 17:38:39 GMT" time="6.389" errors="0">
  <testcase name="logIn" time="6.389" classname="TestNG.HardAssert"/>
</testsuite> <!-- TestNG.HardAssert -->
