<?xml version="1.0" encoding="UTF-8"?>
<!-- Generated by org.testng.reporters.JUnitReportReporter -->
<testsuite skipped="0" hostname="INBOOK_X1_SLIM" name="TestNG.Dependencies" tests="9" failures="0" timestamp="27 May 2023 17:49:30 GMT" time="0.026" errors="0">
  <testcase name="thirdGear" time="0.010" classname="TestNG.Dependencies"/>
  <testcase name="secondGear" time="0.000" classname="TestNG.Dependencies"/>
  <testcase name="musicOn" time="0.000" classname="TestNG.Dependencies"/>
  <testcase name="musicOn" time="0.000" classname="TestNG.Dependencies"/>
  <testcase name="musicOn" time="0.000" classname="TestNG.Dependencies"/>
  <testcase name="firstGear" time="0.000" classname="TestNG.Dependencies"/>
  <testcase name="engineStart" time="0.016" classname="TestNG.Dependencies"/>
  <testcase name="musicOn" time="0.000" classname="TestNG.Dependencies"/>
  <testcase name="musicOn" time="0.000" classname="TestNG.Dependencies"/>
</testsuite> <!-- TestNG.Dependencies -->
