<?xml version="1.0" encoding="UTF-8"?>
<!-- Generated by org.testng.reporters.JUnitReportReporter -->
<testsuite skipped="1" hostname="INBOOK_X1_SLIM" name="org.pageobjectmodel.FaceBook" tests="2" failures="0" timestamp="21 Apr 2023 18:04:49 GMT" time="7.197" errors="0">
  <testcase name="tc1" time="7.197" classname="org.pageobjectmodel.FaceBook"/>
  <testcase name="tc2" classname="org.pageobjectmodel.FaceBook">
    <skipped/>
  </testcase> <!-- tc2 -->
</testsuite> <!-- org.pageobjectmodel.FaceBook -->
