<?xml version="1.0" encoding="UTF-8"?>
<!-- Generated by org.testng.reporters.JUnitReportReporter -->
<testsuite skipped="0" hostname="INBOOK_X1_SLIM" name="TestNG.PriortySample" tests="10" failures="0" timestamp="27 May 2023 17:43:48 GMT" time="0.015" errors="0">
  <testcase name="logIn" time="0.000" classname="TestNG.PriortySample"/>
  <testcase name="searchHotel" time="0.000" classname="TestNG.PriortySample"/>
  <testcase name="selectHotel" time="0.015" classname="TestNG.PriortySample"/>
  <testcase name="bookHotel" time="0.000" classname="TestNG.PriortySample"/>
  <testcase name="bookingConformation" time="0.000" classname="TestNG.PriortySample"/>
  <testcase name="helloArun" time="0.000" classname="TestNG.PriortySample"/>
  <testcase name="helloArun" time="0.000" classname="TestNG.PriortySample"/>
  <testcase name="helloArun" time="0.000" classname="TestNG.PriortySample"/>
  <testcase name="helloArun" time="0.000" classname="TestNG.PriortySample"/>
  <testcase name="helloArun" time="0.000" classname="TestNG.PriortySample"/>
</testsuite> <!-- TestNG.PriortySample -->
