<?xml version="1.0" encoding="UTF-8"?>
<!-- Generated by org.testng.reporters.JUnitReportReporter -->
<testsuite skipped="0" hostname="INBOOK_X1_SLIM" name="TestNG.ParameterExample" tests="1" failures="0" timestamp="22 Apr 2023 10:27:21 GMT" time="0.210" errors="0">
  <testcase name="parameterTest" time="0.210" classname="TestNG.ParameterExample"/>
</testsuite> <!-- TestNG.ParameterExample -->
