<?xml version="1.0" encoding="UTF-8"?>
<!-- Generated by org.testng.reporters.JUnitReportReporter -->
<testsuite skipped="0" hostname="INBOOK_X1_SLIM" name="org.hexa.AssertDemo" tests="1" failures="0" timestamp="21 Apr 2023 14:37:55 GMT" time="7.164" errors="0">
  <testcase name="tc1" time="7.164" classname="org.hexa.AssertDemo"/>
</testsuite> <!-- org.hexa.AssertDemo -->
