<?xml version="1.0" encoding="UTF-8"?>
<!-- Generated by org.testng.reporters.JUnitReportReporter -->
<testsuite skipped="0" hostname="INBOOK_X1_SLIM" name="org.hexa.TestClass1" tests="1" failures="0" timestamp="21 Apr 2023 15:13:04 GMT" time="6.006" errors="0">
  <testcase name="tc1" time="6.006" classname="org.hexa.TestClass1"/>
</testsuite> <!-- org.hexa.TestClass1 -->
