<?xml version="1.0" encoding="UTF-8"?>
<!-- Generated by org.testng.reporters.JUnitReportReporter -->
<testsuite skipped="0" hostname="INBOOK_X1_SLIM" name="org.hexa.TestClass" tests="7" failures="0" timestamp="29 May 2023 18:05:11 GMT" time="15.267" errors="0">
  <testcase name="tc2" time="3.126" classname="org.hexa.TestClass"/>
  <testcase name="tc1" time="2.962" classname="org.hexa.TestClass"/>
  <testcase name="tc3" time="2.849" classname="org.hexa.TestClass"/>
  <testcase name="tc3" time="2.610" classname="org.hexa.TestClass"/>
  <testcase name="tc3" time="1.168" classname="org.hexa.TestClass"/>
  <testcase name="tc3" time="1.270" classname="org.hexa.TestClass"/>
  <testcase name="tc3" time="1.282" classname="org.hexa.TestClass"/>
</testsuite> <!-- org.hexa.TestClass -->
